<?xml version="1.0" encoding="UTF-8" ?>
<testsuite tests="78" failures="0" name="EvoMaster_others_Test" time="13.155" errors="0" skipped="0">
  <properties>
[...]
</properties>
  <testcase classname="EvoMaster_others_Test" name="test_10" time="0.234"/>
  <testcase classname="EvoMaster_others_Test" name="test_11" time="0.27"/>
  <testcase classname="EvoMaster_others_Test" name="test_12" time="0.165"/>
  <testcase classname="EvoMaster_others_Test" name="test_13" time="0.172"/>
  <testcase classname="EvoMaster_others_Test" name="test_14" time="0.14"/>
  <testcase classname="EvoMaster_others_Test" name="test_15" time="0.112"/>
  <testcase classname="EvoMaster_others_Test" name="test_16" time="0.144"/>
  <testcase classname="EvoMaster_others_Test" name="test_17" time="0.145"/>
  <testcase classname="EvoMaster_others_Test" name="test_18" time="0.25"/>
  <testcase classname="EvoMaster_others_Test" name="test_19" time="0.255"/>
  <testcase classname="EvoMaster_others_Test" name="test_20" time="0.115"/>
  <testcase classname="EvoMaster_others_Test" name="test_21" time="0.209"/>
  <testcase classname="EvoMaster_others_Test" name="test_22" time="0.094"/>
  <testcase classname="EvoMaster_others_Test" name="test_23" time="0.152"/>
  <testcase classname="EvoMaster_others_Test" name="test_24" time="0.137"/>
  <testcase classname="EvoMaster_others_Test" name="test_25" time="0.147"/>
  <testcase classname="EvoMaster_others_Test" name="test_26" time="0.257"/>
  <testcase classname="EvoMaster_others_Test" name="test_27" time="0.283"/>
  <testcase classname="EvoMaster_others_Test" name="test_28" time="0.233"/>
  <testcase classname="EvoMaster_others_Test" name="test_29" time="0.118"/>
  <testcase classname="EvoMaster_others_Test" name="test_30" time="0.17"/>
  <testcase classname="EvoMaster_others_Test" name="test_31" time="0.174"/>
  <testcase classname="EvoMaster_others_Test" name="test_32" time="0.162"/>
  <testcase classname="EvoMaster_others_Test" name="test_33" time="0.138"/>
  <testcase classname="EvoMaster_others_Test" name="test_34" time="0.184"/>
  <testcase classname="EvoMaster_others_Test" name="test_35" time="0.101"/>
  <testcase classname="EvoMaster_others_Test" name="test_36" time="0.315"/>
  <testcase classname="EvoMaster_others_Test" name="test_37" time="0.129"/>
  <testcase classname="EvoMaster_others_Test" name="test_38" time="0.157"/>
  <testcase classname="EvoMaster_others_Test" name="test_39" time="0.107"/>
  <testcase classname="EvoMaster_others_Test" name="test_40" time="0.157"/>
  <testcase classname="EvoMaster_others_Test" name="test_41" time="0.115"/>
  <testcase classname="EvoMaster_others_Test" name="test_42" time="0.234"/>
  <testcase classname="EvoMaster_others_Test" name="test_43" time="0.104"/>
  <testcase classname="EvoMaster_others_Test" name="test_44" time="0.132"/>
  <testcase classname="EvoMaster_others_Test" name="test_45" time="0.126"/>
  <testcase classname="EvoMaster_others_Test" name="test_46" time="0.272"/>
  <testcase classname="EvoMaster_others_Test" name="test_47" time="0.143"/>
  <testcase classname="EvoMaster_others_Test" name="test_48" time="0.169"/>
  <testcase classname="EvoMaster_others_Test" name="test_49" time="0.134"/>
  <testcase classname="EvoMaster_others_Test" name="test_50" time="0.193"/>
  <testcase classname="EvoMaster_others_Test" name="test_51" time="0.141"/>
  <testcase classname="EvoMaster_others_Test" name="test_52" time="0.141"/>
  <testcase classname="EvoMaster_others_Test" name="test_53" time="0.127"/>
  <testcase classname="EvoMaster_others_Test" name="test_54" time="0.176"/>
  <testcase classname="EvoMaster_others_Test" name="test_55" time="0.135"/>
  <testcase classname="EvoMaster_others_Test" name="test_56" time="0.255"/>
  <testcase classname="EvoMaster_others_Test" name="test_57" time="0.155"/>
  <testcase classname="EvoMaster_others_Test" name="test_58" time="0.161"/>
  <testcase classname="EvoMaster_others_Test" name="test_59" time="0.169"/>
  <testcase classname="EvoMaster_others_Test" name="test_60" time="0.181"/>
  <testcase classname="EvoMaster_others_Test" name="test_61" time="0.125"/>
  <testcase classname="EvoMaster_others_Test" name="test_62" time="0.254"/>
  <testcase classname="EvoMaster_others_Test" name="test_63" time="0.134"/>
  <testcase classname="EvoMaster_others_Test" name="test_64" time="0.14"/>
  <testcase classname="EvoMaster_others_Test" name="test_65" time="0.165"/>
  <testcase classname="EvoMaster_others_Test" name="test_66" time="0.162"/>
  <testcase classname="EvoMaster_others_Test" name="test_67" time="0.179"/>
  <testcase classname="EvoMaster_others_Test" name="test_68" time="0.144"/>
  <testcase classname="EvoMaster_others_Test" name="test_69" time="0.194"/>
  <testcase classname="EvoMaster_others_Test" name="test_70" time="0.115"/>
  <testcase classname="EvoMaster_others_Test" name="test_71" time="0.159"/>
  <testcase classname="EvoMaster_others_Test" name="test_72" time="0.102"/>
  <testcase classname="EvoMaster_others_Test" name="test_73" time="0.189"/>
  <testcase classname="EvoMaster_others_Test" name="test_74" time="0.132"/>
  <testcase classname="EvoMaster_others_Test" name="test_75" time="0.096"/>
  <testcase classname="EvoMaster_others_Test" name="test_76" time="0.204"/>
  <testcase classname="EvoMaster_others_Test" name="test_77" time="0.099"/>
  <testcase classname="EvoMaster_others_Test" name="test_0" time="0.219"/>
  <testcase classname="EvoMaster_others_Test" name="test_1" time="0.15"/>
  <testcase classname="EvoMaster_others_Test" name="test_2" time="0.205"/>
  <testcase classname="EvoMaster_others_Test" name="test_3" time="0.159"/>
  <testcase classname="EvoMaster_others_Test" name="test_4" time="0.226"/>
  <testcase classname="EvoMaster_others_Test" name="test_5" time="0.157"/>
  <testcase classname="EvoMaster_others_Test" name="test_6" time="0.122"/>
  <testcase classname="EvoMaster_others_Test" name="test_7" time="0.189"/>
  <testcase classname="EvoMaster_others_Test" name="test_8" time="0.304"/>
  <testcase classname="EvoMaster_others_Test" name="test_9" time="0.142"/>
</testsuite>