<?xml version="1.0" encoding="UTF-8" ?>
<testsuite tests="49" failures="0" name="EvoMaster_others_Test" time="8.928" errors="0" skipped="0">
  <properties>
[...]
</properties>
  <testcase classname="EvoMaster_others_Test" name="test_10" time="2.767"/>
  <testcase classname="EvoMaster_others_Test" name="test_11" time="0.188"/>
  <testcase classname="EvoMaster_others_Test" name="test_12" time="0.138"/>
  <testcase classname="EvoMaster_others_Test" name="test_13" time="0.141"/>
  <testcase classname="EvoMaster_others_Test" name="test_14" time="0.292"/>
  <testcase classname="EvoMaster_others_Test" name="test_15" time="0.134"/>
  <testcase classname="EvoMaster_others_Test" name="test_16" time="0.108"/>
  <testcase classname="EvoMaster_others_Test" name="test_17" time="0.105"/>
  <testcase classname="EvoMaster_others_Test" name="test_18" time="0.153"/>
  <testcase classname="EvoMaster_others_Test" name="test_19" time="0.101"/>
  <testcase classname="EvoMaster_others_Test" name="test_20" time="0.149"/>
  <testcase classname="EvoMaster_others_Test" name="test_21" time="0.121"/>
  <testcase classname="EvoMaster_others_Test" name="test_22" time="0.14"/>
  <testcase classname="EvoMaster_others_Test" name="test_23" time="0.119"/>
  <testcase classname="EvoMaster_others_Test" name="test_24" time="0.113"/>
  <testcase classname="EvoMaster_others_Test" name="test_25" time="0.153"/>
  <testcase classname="EvoMaster_others_Test" name="test_26" time="0.113"/>
  <testcase classname="EvoMaster_others_Test" name="test_27" time="0.034"/>
  <testcase classname="EvoMaster_others_Test" name="test_28" time="0.104"/>
  <testcase classname="EvoMaster_others_Test" name="test_29" time="0.101"/>
  <testcase classname="EvoMaster_others_Test" name="test_30" time="0.117"/>
  <testcase classname="EvoMaster_others_Test" name="test_31" time="0.176"/>
  <testcase classname="EvoMaster_others_Test" name="test_32" time="0.061"/>
  <testcase classname="EvoMaster_others_Test" name="test_33" time="0.053"/>
  <testcase classname="EvoMaster_others_Test" name="test_34" time="0.065"/>
  <testcase classname="EvoMaster_others_Test" name="test_35" time="0.245"/>
  <testcase classname="EvoMaster_others_Test" name="test_36" time="0.103"/>
  <testcase classname="EvoMaster_others_Test" name="test_37" time="0.071"/>
  <testcase classname="EvoMaster_others_Test" name="test_38" time="0.076"/>
  <testcase classname="EvoMaster_others_Test" name="test_39" time="0.125"/>
  <testcase classname="EvoMaster_others_Test" name="test_40" time="0.133"/>
  <testcase classname="EvoMaster_others_Test" name="test_41" time="0.134"/>
  <testcase classname="EvoMaster_others_Test" name="test_42" time="0.134"/>
  <testcase classname="EvoMaster_others_Test" name="test_43" time="0.128"/>
  <testcase classname="EvoMaster_others_Test" name="test_44" time="0.108"/>
  <testcase classname="EvoMaster_others_Test" name="test_45" time="0.15"/>
  <testcase classname="EvoMaster_others_Test" name="test_46" time="0.151"/>
  <testcase classname="EvoMaster_others_Test" name="test_47" time="0.136"/>
  <testcase classname="EvoMaster_others_Test" name="test_48" time="0.096"/>
  <testcase classname="EvoMaster_others_Test" name="test_0" time="0.125"/>
  <testcase classname="EvoMaster_others_Test" name="test_1" time="0.112"/>
  <testcase classname="EvoMaster_others_Test" name="test_2" time="0.112"/>
  <testcase classname="EvoMaster_others_Test" name="test_3" time="0.106"/>
  <testcase classname="EvoMaster_others_Test" name="test_4" time="0.123"/>
  <testcase classname="EvoMaster_others_Test" name="test_5" time="0.087"/>
  <testcase classname="EvoMaster_others_Test" name="test_6" time="0.097"/>
  <testcase classname="EvoMaster_others_Test" name="test_7" time="0.11"/>
  <testcase classname="EvoMaster_others_Test" name="test_8" time="0.385"/>
  <testcase classname="EvoMaster_others_Test" name="test_9" time="0.135"/>
</testsuite>